[INFO ] 2019-02-18 16:40:11,377 -- WorkingPath: D:\Personality\Movie_DePaulMovie\CARSKit.Workspace\
[INFO ] 2019-02-18 16:40:11,401 -- Your original rating data path: D:\Personality\Movie_DePaulMovie\train_binary.csv
[INFO ] 2019-02-18 16:40:11,401 -- Current working path: D:\Personality\Movie_DePaulMovie\CARSKit.Workspace\
[INFO ] 2019-02-18 16:40:11,412 -- flags - train: 1, test: 1
[INFO ] 2019-02-18 16:40:11,494 -- User, Item, Rating, companion:alone, companion:family, companion:na, companion:partner, location:cinema, location:home, location:na, time:na, time:weekday, time:weekend
[INFO ] 2019-02-18 16:40:11,500 -- Data transformaton completed (from Compact to Binary format). See new rating file: D:\Personality\Movie_DePaulMovie\CARSKit.Workspace\train.csv
[INFO ] 2019-02-18 16:40:11,502 -- User, Item, Rating, companion:alone, companion:family, companion:na, companion:partner, location:cinema, location:home, location:na, time:na, time:weekday, time:weekend
[INFO ] 2019-02-18 16:40:11,504 -- Data transformaton completed (from Compact to Binary format). See new rating file: D:\Personality\Movie_DePaulMovie\CARSKit.Workspace\test.csv
[INFO ] 2019-02-18 16:40:11,531 -- Dataset: ...ulMovie\CARSKit.Workspace\train.csv
[INFO ] 2019-02-18 16:40:11,536 -- DataPath: D:\Personality\Movie_DePaulMovie\CARSKit.Workspace\train.csv
[INFO ] 2019-02-18 16:40:11,612 -- Rating data set has been successfully loaded.
[INFO ] 2019-02-18 16:40:11,623 -- 
/**********************************************************************
 *
 * Dataset: D:\Personality\Movie_DePaulMovie\CARSKit.Workspace\train.csv
 * 
 * Statistics of U-I-C Matrix:
 * User amount: 17
 * Item amount: 2
 * Rate amount: 20
 * Context dimensions: 3 (companion, location, time)
 * Context conditions: 10 (companion: 4, location: 3, time: 3)
 * Context situations: 8
 * Data density: 1.6340%
 * Scale distribution: [3.0 x 2, 2.0, 1.0, 4.0 x 10, 5.0 x 6]
 * Average value of all ratings: 3.950000
 * Standard deviation of all ratings: 1.023474
 * Mode of all rating values: 4.000000
 * Median of all rating values: 4.000000
 *
 **********************************************************************/
[INFO ] 2019-02-18 16:40:11,627 -- With Setup: test-set -f D:\Personality\Movie_DePaulMovie\test_binary.csv -p on --rand-seed 1 --test-view all --early-stop RMSE
[INFO ] 2019-02-18 16:40:11,629 -- Dataset: ...aulMovie\CARSKit.Workspace\test.csv
[INFO ] 2019-02-18 16:40:11,629 -- DataPath: D:\Personality\Movie_DePaulMovie\CARSKit.Workspace\test.csv
[INFO ] 2019-02-18 16:40:11,640 -- Rating data set has been successfully loaded.
[DEBUG] 2019-02-18 16:40:11,670 -- CAMF_C iter 1: loss = 9.962153, delta_loss = -9.962153, RMSE = 0.920998, delta_RMSE = -0.920998, learn_rate = 2.0E-5
[DEBUG] 2019-02-18 16:40:11,678 -- CAMF_C iter 2: loss = 9.961175, delta_loss = 9.785079E-4, RMSE = 0.921006, delta_RMSE = -0.000008, learn_rate = 2.0E-5
[DEBUG] 2019-02-18 16:40:11,680 -- CAMF_C iter 3: loss = 9.960223, delta_loss = 9.516605E-4, RMSE = 0.921014, delta_RMSE = -0.000008, learn_rate = 2.1E-5
[DEBUG] 2019-02-18 16:40:11,689 -- CAMF_C iter 4: loss = 9.959225, delta_loss = 9.988036E-4, RMSE = 0.921023, delta_RMSE = -0.000009, learn_rate = 2.2049999E-5
[DEBUG] 2019-02-18 16:40:11,696 -- CAMF_C iter 5: loss = 9.958176, delta_loss = 0.0010482593, RMSE = 0.921032, delta_RMSE = -0.000009, learn_rate = 2.31525E-5
[DEBUG] 2019-02-18 16:40:11,703 -- CAMF_C iter 6: loss = 9.957076, delta_loss = 0.0011001385, RMSE = 0.921041, delta_RMSE = -0.000010, learn_rate = 2.4310124E-5
[DEBUG] 2019-02-18 16:40:11,704 -- CAMF_C iter 7: loss = 9.955921, delta_loss = 0.0011545575, RMSE = 0.921052, delta_RMSE = -0.000010, learn_rate = 2.5525631E-5
[DEBUG] 2019-02-18 16:40:11,707 -- CAMF_C iter 8: loss = 9.95471, delta_loss = 0.0012116376, RMSE = 0.921062, delta_RMSE = -0.000011, learn_rate = 2.6801912E-5
[DEBUG] 2019-02-18 16:40:11,709 -- CAMF_C iter 9: loss = 9.953438, delta_loss = 0.0012715062, RMSE = 0.921073, delta_RMSE = -0.000011, learn_rate = 2.8142007E-5
[DEBUG] 2019-02-18 16:40:11,711 -- CAMF_C iter 10: loss = 9.952104, delta_loss = 0.0013342958, RMSE = 0.921085, delta_RMSE = -0.000012, learn_rate = 2.9549108E-5
[DEBUG] 2019-02-18 16:40:11,713 -- CAMF_C iter 11: loss = 9.950704, delta_loss = 0.0014001452, RMSE = 0.921097, delta_RMSE = -0.000012, learn_rate = 3.1026564E-5
[DEBUG] 2019-02-18 16:40:11,715 -- CAMF_C iter 12: loss = 9.949235, delta_loss = 0.0014691997, RMSE = 0.921110, delta_RMSE = -0.000013, learn_rate = 3.2577893E-5
[DEBUG] 2019-02-18 16:40:11,717 -- CAMF_C iter 13: loss = 9.947693, delta_loss = 0.0015416102, RMSE = 0.921124, delta_RMSE = -0.000014, learn_rate = 3.4206787E-5
[DEBUG] 2019-02-18 16:40:11,719 -- CAMF_C iter 14: loss = 9.946075, delta_loss = 0.0016175351, RMSE = 0.921138, delta_RMSE = -0.000014, learn_rate = 3.5917124E-5
[DEBUG] 2019-02-18 16:40:11,724 -- CAMF_C iter 15: loss = 9.944378, delta_loss = 0.0016971395, RMSE = 0.921153, delta_RMSE = -0.000015, learn_rate = 3.7712984E-5
[DEBUG] 2019-02-18 16:40:11,726 -- CAMF_C iter 16: loss = 9.942597, delta_loss = 0.0017805956, RMSE = 0.921169, delta_RMSE = -0.000016, learn_rate = 3.959863E-5
[DEBUG] 2019-02-18 16:40:11,730 -- CAMF_C iter 17: loss = 9.940729, delta_loss = 0.001868083, RMSE = 0.921186, delta_RMSE = -0.000017, learn_rate = 4.157856E-5
[DEBUG] 2019-02-18 16:40:11,732 -- CAMF_C iter 18: loss = 9.938769, delta_loss = 0.0019597893, RMSE = 0.921203, delta_RMSE = -0.000017, learn_rate = 4.3657492E-5
[DEBUG] 2019-02-18 16:40:11,735 -- CAMF_C iter 19: loss = 9.936714, delta_loss = 0.0020559097, RMSE = 0.921221, delta_RMSE = -0.000018, learn_rate = 4.5840367E-5
[DEBUG] 2019-02-18 16:40:11,738 -- CAMF_C iter 20: loss = 9.934557, delta_loss = 0.0021566479, RMSE = 0.921240, delta_RMSE = -0.000019, learn_rate = 4.8132384E-5
[DEBUG] 2019-02-18 16:40:11,740 -- CAMF_C iter 21: loss = 9.932295, delta_loss = 0.002262216, RMSE = 0.921261, delta_RMSE = -0.000020, learn_rate = 5.0539E-5
[DEBUG] 2019-02-18 16:40:11,742 -- CAMF_C iter 22: loss = 9.929922, delta_loss = 0.002372835, RMSE = 0.921282, delta_RMSE = -0.000021, learn_rate = 5.3065953E-5
[DEBUG] 2019-02-18 16:40:11,744 -- CAMF_C iter 23: loss = 9.927433, delta_loss = 0.002488735, RMSE = 0.921304, delta_RMSE = -0.000022, learn_rate = 5.571925E-5
[DEBUG] 2019-02-18 16:40:11,747 -- CAMF_C iter 24: loss = 9.924823, delta_loss = 0.0026101544, RMSE = 0.921327, delta_RMSE = -0.000023, learn_rate = 5.850521E-5
[DEBUG] 2019-02-18 16:40:11,749 -- CAMF_C iter 25: loss = 9.922086, delta_loss = 0.0027373426, RMSE = 0.921352, delta_RMSE = -0.000025, learn_rate = 6.143047E-5
[DEBUG] 2019-02-18 16:40:11,755 -- CAMF_C iter 26: loss = 9.919215, delta_loss = 0.002870558, RMSE = 0.921378, delta_RMSE = -0.000026, learn_rate = 6.4502E-5
[DEBUG] 2019-02-18 16:40:11,757 -- CAMF_C iter 27: loss = 9.916205, delta_loss = 0.003010069, RMSE = 0.921405, delta_RMSE = -0.000027, learn_rate = 6.7727095E-5
[DEBUG] 2019-02-18 16:40:11,759 -- CAMF_C iter 28: loss = 9.913049, delta_loss = 0.0031561546, RMSE = 0.921433, delta_RMSE = -0.000028, learn_rate = 7.111345E-5
[DEBUG] 2019-02-18 16:40:11,764 -- CAMF_C iter 29: loss = 9.90974, delta_loss = 0.003309104, RMSE = 0.921463, delta_RMSE = -0.000030, learn_rate = 7.466912E-5
[DEBUG] 2019-02-18 16:40:11,766 -- CAMF_C iter 30: loss = 9.906271, delta_loss = 0.0034692166, RMSE = 0.921495, delta_RMSE = -0.000031, learn_rate = 7.840258E-5
[DEBUG] 2019-02-18 16:40:11,767 -- CAMF_C iter 31: loss = 9.902634, delta_loss = 0.003636804, RMSE = 0.921528, delta_RMSE = -0.000033, learn_rate = 8.232271E-5
[DEBUG] 2019-02-18 16:40:11,768 -- CAMF_C iter 32: loss = 9.898822, delta_loss = 0.0038121876, RMSE = 0.921562, delta_RMSE = -0.000035, learn_rate = 8.643884E-5
[DEBUG] 2019-02-18 16:40:11,794 -- CAMF_C iter 33: loss = 9.894826, delta_loss = 0.0039957003, RMSE = 0.921599, delta_RMSE = -0.000036, learn_rate = 9.076079E-5
[DEBUG] 2019-02-18 16:40:11,795 -- CAMF_C iter 34: loss = 9.890638, delta_loss = 0.004187686, RMSE = 0.921637, delta_RMSE = -0.000038, learn_rate = 9.529883E-5
[DEBUG] 2019-02-18 16:40:11,797 -- CAMF_C iter 35: loss = 9.88625, delta_loss = 0.004388501, RMSE = 0.921677, delta_RMSE = -0.000040, learn_rate = 1.0006377E-4
[DEBUG] 2019-02-18 16:40:11,806 -- CAMF_C iter 36: loss = 9.881652, delta_loss = 0.0045985114, RMSE = 0.921719, delta_RMSE = -0.000042, learn_rate = 1.0506696E-4
[DEBUG] 2019-02-18 16:40:11,866 -- CAMF_C iter 37: loss = 9.876833, delta_loss = 0.0048180963, RMSE = 0.921764, delta_RMSE = -0.000044, learn_rate = 1.103203E-4
[DEBUG] 2019-02-18 16:40:11,869 -- CAMF_C iter 38: loss = 9.871786, delta_loss = 0.0050476445, RMSE = 0.921810, delta_RMSE = -0.000047, learn_rate = 1.1583632E-4
[DEBUG] 2019-02-18 16:40:11,870 -- CAMF_C iter 39: loss = 9.866498, delta_loss = 0.0052875574, RMSE = 0.921860, delta_RMSE = -0.000049, learn_rate = 1.2162814E-4
[DEBUG] 2019-02-18 16:40:11,873 -- CAMF_C iter 40: loss = 9.86096, delta_loss = 0.005538247, RMSE = 0.921911, delta_RMSE = -0.000052, learn_rate = 1.2770954E-4
[DEBUG] 2019-02-18 16:40:11,879 -- CAMF_C iter 41: loss = 9.85516, delta_loss = 0.0058001354, RMSE = 0.921965, delta_RMSE = -0.000054, learn_rate = 1.3409503E-4
[DEBUG] 2019-02-18 16:40:11,882 -- CAMF_C iter 42: loss = 9.849086, delta_loss = 0.006073657, RMSE = 0.922022, delta_RMSE = -0.000057, learn_rate = 1.4079978E-4
[DEBUG] 2019-02-18 16:40:11,884 -- CAMF_C iter 43: loss = 9.842727, delta_loss = 0.0063592545, RMSE = 0.922082, delta_RMSE = -0.000060, learn_rate = 1.4783976E-4
[DEBUG] 2019-02-18 16:40:11,885 -- CAMF_C iter 44: loss = 9.836069, delta_loss = 0.006657382, RMSE = 0.922145, delta_RMSE = -0.000063, learn_rate = 1.5523174E-4
[DEBUG] 2019-02-18 16:40:11,894 -- CAMF_C iter 45: loss = 9.829101, delta_loss = 0.006968502, RMSE = 0.922211, delta_RMSE = -0.000066, learn_rate = 1.6299334E-4
[DEBUG] 2019-02-18 16:40:11,899 -- CAMF_C iter 46: loss = 9.821808, delta_loss = 0.0072930856, RMSE = 0.922280, delta_RMSE = -0.000069, learn_rate = 1.71143E-4
[DEBUG] 2019-02-18 16:40:11,901 -- CAMF_C iter 47: loss = 9.814177, delta_loss = 0.007631612, RMSE = 0.922353, delta_RMSE = -0.000073, learn_rate = 1.7970015E-4
[DEBUG] 2019-02-18 16:40:11,903 -- CAMF_C iter 48: loss = 9.806191, delta_loss = 0.007984568, RMSE = 0.922430, delta_RMSE = -0.000077, learn_rate = 1.8868515E-4
[DEBUG] 2019-02-18 16:40:11,906 -- CAMF_C iter 49: loss = 9.797839, delta_loss = 0.008352446, RMSE = 0.922511, delta_RMSE = -0.000081, learn_rate = 1.9811942E-4
[DEBUG] 2019-02-18 16:40:11,908 -- CAMF_C iter 50: loss = 9.7891035, delta_loss = 0.008735744, RMSE = 0.922595, delta_RMSE = -0.000085, learn_rate = 2.0802539E-4
[DEBUG] 2019-02-18 16:40:11,909 -- CAMF_C iter 51: loss = 9.779968, delta_loss = 0.009134963, RMSE = 0.922684, delta_RMSE = -0.000089, learn_rate = 2.1842666E-4
[DEBUG] 2019-02-18 16:40:11,910 -- CAMF_C iter 52: loss = 9.770418, delta_loss = 0.009550608, RMSE = 0.922778, delta_RMSE = -0.000094, learn_rate = 2.2934799E-4
[DEBUG] 2019-02-18 16:40:11,912 -- CAMF_C iter 53: loss = 9.760435, delta_loss = 0.009983184, RMSE = 0.922877, delta_RMSE = -0.000098, learn_rate = 2.408154E-4
[DEBUG] 2019-02-18 16:40:11,944 -- CAMF_C iter 54: loss = 9.750002, delta_loss = 0.010433194, RMSE = 0.922980, delta_RMSE = -0.000103, learn_rate = 2.5285615E-4
[DEBUG] 2019-02-18 16:40:11,946 -- CAMF_C iter 55: loss = 9.7391, delta_loss = 0.010901145, RMSE = 0.923089, delta_RMSE = -0.000109, learn_rate = 2.6549897E-4
[DEBUG] 2019-02-18 16:40:11,948 -- CAMF_C iter 56: loss = 9.727713, delta_loss = 0.011387532, RMSE = 0.923203, delta_RMSE = -0.000114, learn_rate = 2.7877392E-4
[DEBUG] 2019-02-18 16:40:11,950 -- CAMF_C iter 57: loss = 9.71582, delta_loss = 0.011892848, RMSE = 0.923323, delta_RMSE = -0.000120, learn_rate = 2.9271262E-4
[DEBUG] 2019-02-18 16:40:11,953 -- CAMF_C iter 58: loss = 9.7034025, delta_loss = 0.012417578, RMSE = 0.923449, delta_RMSE = -0.000126, learn_rate = 3.0734824E-4
[DEBUG] 2019-02-18 16:40:11,955 -- CAMF_C iter 59: loss = 9.69044, delta_loss = 0.012962197, RMSE = 0.923582, delta_RMSE = -0.000133, learn_rate = 3.2271564E-4
[DEBUG] 2019-02-18 16:40:11,957 -- CAMF_C iter 60: loss = 9.676913, delta_loss = 0.013527163, RMSE = 0.923722, delta_RMSE = -0.000139, learn_rate = 3.3885145E-4
[DEBUG] 2019-02-18 16:40:11,959 -- CAMF_C iter 61: loss = 9.6628, delta_loss = 0.014112923, RMSE = 0.923868, delta_RMSE = -0.000147, learn_rate = 3.55794E-4
[DEBUG] 2019-02-18 16:40:11,961 -- CAMF_C iter 62: loss = 9.64808, delta_loss = 0.014719904, RMSE = 0.924022, delta_RMSE = -0.000154, learn_rate = 3.735837E-4
[DEBUG] 2019-02-18 16:40:11,962 -- CAMF_C iter 63: loss = 9.632731, delta_loss = 0.015348512, RMSE = 0.924184, delta_RMSE = -0.000162, learn_rate = 3.9226288E-4
[DEBUG] 2019-02-18 16:40:11,969 -- CAMF_C iter 64: loss = 9.616733, delta_loss = 0.015999129, RMSE = 0.924354, delta_RMSE = -0.000170, learn_rate = 4.1187604E-4
[DEBUG] 2019-02-18 16:40:11,970 -- CAMF_C iter 65: loss = 9.60006, delta_loss = 0.016672112, RMSE = 0.924533, delta_RMSE = -0.000179, learn_rate = 4.3246985E-4
[DEBUG] 2019-02-18 16:40:11,971 -- CAMF_C iter 66: loss = 9.582693, delta_loss = 0.017367788, RMSE = 0.924720, delta_RMSE = -0.000188, learn_rate = 4.5409333E-4
[DEBUG] 2019-02-18 16:40:11,972 -- CAMF_C iter 67: loss = 9.564607, delta_loss = 0.018086452, RMSE = 0.924918, delta_RMSE = -0.000197, learn_rate = 4.76798E-4
[DEBUG] 2019-02-18 16:40:11,974 -- CAMF_C iter 68: loss = 9.545778, delta_loss = 0.018828364, RMSE = 0.925125, delta_RMSE = -0.000207, learn_rate = 5.006379E-4
[DEBUG] 2019-02-18 16:40:11,976 -- CAMF_C iter 69: loss = 9.526184, delta_loss = 0.019593747, RMSE = 0.925342, delta_RMSE = -0.000217, learn_rate = 5.256698E-4
[DEBUG] 2019-02-18 16:40:11,979 -- CAMF_C iter 70: loss = 9.505801, delta_loss = 0.02038279, RMSE = 0.925570, delta_RMSE = -0.000228, learn_rate = 5.519533E-4
[DEBUG] 2019-02-18 16:40:11,989 -- CAMF_C iter 71: loss = 9.484606, delta_loss = 0.021195635, RMSE = 0.925810, delta_RMSE = -0.000240, learn_rate = 5.795509E-4
[DEBUG] 2019-02-18 16:40:11,990 -- CAMF_C iter 72: loss = 9.462573, delta_loss = 0.022032382, RMSE = 0.926061, delta_RMSE = -0.000251, learn_rate = 6.085285E-4
[DEBUG] 2019-02-18 16:40:11,991 -- CAMF_C iter 73: loss = 9.43968, delta_loss = 0.022893092, RMSE = 0.926325, delta_RMSE = -0.000264, learn_rate = 6.389549E-4
[DEBUG] 2019-02-18 16:40:11,992 -- CAMF_C iter 74: loss = 9.415902, delta_loss = 0.02377778, RMSE = 0.926601, delta_RMSE = -0.000277, learn_rate = 6.7090266E-4
[DEBUG] 2019-02-18 16:40:11,994 -- CAMF_C iter 75: loss = 9.391216, delta_loss = 0.024686415, RMSE = 0.926891, delta_RMSE = -0.000290, learn_rate = 7.044478E-4
[DEBUG] 2019-02-18 16:40:11,995 -- CAMF_C iter 76: loss = 9.365597, delta_loss = 0.025618931, RMSE = 0.927195, delta_RMSE = -0.000304, learn_rate = 7.396702E-4
[DEBUG] 2019-02-18 16:40:11,997 -- CAMF_C iter 77: loss = 9.339022, delta_loss = 0.026575215, RMSE = 0.927514, delta_RMSE = -0.000319, learn_rate = 7.766537E-4
[DEBUG] 2019-02-18 16:40:11,999 -- CAMF_C iter 78: loss = 9.311467, delta_loss = 0.027555123, RMSE = 0.927848, delta_RMSE = -0.000334, learn_rate = 8.1548636E-4
[DEBUG] 2019-02-18 16:40:12,001 -- CAMF_C iter 79: loss = 9.282908, delta_loss = 0.028558474, RMSE = 0.928197, delta_RMSE = -0.000349, learn_rate = 8.562607E-4
[DEBUG] 2019-02-18 16:40:12,003 -- CAMF_C iter 80: loss = 9.253324, delta_loss = 0.029585062, RMSE = 0.928563, delta_RMSE = -0.000366, learn_rate = 8.990737E-4
[DEBUG] 2019-02-18 16:40:12,018 -- CAMF_C iter 81: loss = 9.222689, delta_loss = 0.030634662, RMSE = 0.928945, delta_RMSE = -0.000382, learn_rate = 9.4402744E-4
[DEBUG] 2019-02-18 16:40:12,019 -- CAMF_C iter 82: loss = 9.190982, delta_loss = 0.03170704, RMSE = 0.929345, delta_RMSE = -0.000400, learn_rate = 9.912289E-4
[DEBUG] 2019-02-18 16:40:12,020 -- CAMF_C iter 83: loss = 9.158179, delta_loss = 0.03280196, RMSE = 0.929762, delta_RMSE = -0.000418, learn_rate = 0.0010407902
[DEBUG] 2019-02-18 16:40:12,022 -- CAMF_C iter 84: loss = 9.12426, delta_loss = 0.033919193, RMSE = 0.930198, delta_RMSE = -0.000436, learn_rate = 0.0010928297
[DEBUG] 2019-02-18 16:40:12,023 -- CAMF_C iter 85: loss = 9.089202, delta_loss = 0.03505854, RMSE = 0.930653, delta_RMSE = -0.000455, learn_rate = 0.0011474713
[DEBUG] 2019-02-18 16:40:12,024 -- CAMF_C iter 86: loss = 9.052982, delta_loss = 0.036219846, RMSE = 0.931128, delta_RMSE = -0.000474, learn_rate = 0.0012048448
[DEBUG] 2019-02-18 16:40:12,025 -- CAMF_C iter 87: loss = 9.015579, delta_loss = 0.037403014, RMSE = 0.931622, delta_RMSE = -0.000494, learn_rate = 0.001265087
[DEBUG] 2019-02-18 16:40:12,026 -- CAMF_C iter 88: loss = 8.976971, delta_loss = 0.038608015, RMSE = 0.932136, delta_RMSE = -0.000514, learn_rate = 0.0013283414
[DEBUG] 2019-02-18 16:40:12,027 -- CAMF_C iter 89: loss = 8.937136, delta_loss = 0.03983493, RMSE = 0.932671, delta_RMSE = -0.000535, learn_rate = 0.0013947585
[DEBUG] 2019-02-18 16:40:12,028 -- CAMF_C iter 90: loss = 8.896052, delta_loss = 0.041083958, RMSE = 0.933227, delta_RMSE = -0.000556, learn_rate = 0.0014644964
[DEBUG] 2019-02-18 16:40:12,033 -- CAMF_C evaluate test data ... 
[DEBUG] 2019-02-18 16:40:12,037 -- CAMF_C has candidate items: 2
[DEBUG] 2019-02-18 16:40:12,044 -- CAMF_C has writeen item recommendations to D:\Personality\Movie_DePaulMovie\CARSKit.Workspace\CAMF_C-top-3-items.txt
[INFO ] 2019-02-18 16:40:12,051 -- Final Results by CAMF_C, Pre5: 0.200000,Pre10: 0.100000, Pre3: 0.333333, Rec5: 1.000000, Rec10: 1.000000, Rec3: 1.000000, AUC5: 0.166667, AUC10: 0.166667, AUC3: 0.166667, MAP5: 0.583333, MAP10: 0.583333, MAP3: 0.583333, NDCG5: 0.692441, NDCG10: 0.692441,NDCG3: 0.692441,MRR5: 0.583333, MRR10: 0.583333,MRR3: 0.583333, numFactors: 5, numIter: 90, lrate: 2.0E-5, maxlrate: -1.0, regB: 0.001, regU: 0.001, regI: 0.001, regC: 0.01, isBoldDriver: true, Time: '00:00','00:00'

[DEBUG] 2019-02-18 16:40:12,053 -- Have been collected to file: results_all_2016.txt
